{"time":"2024-11-28T20:14:19.911828395+05:00","level":"INFO","msg":"LogIn called","phone_number":"string"}
{"time":"2024-11-28T20:14:19.926547235+05:00","level":"ERROR","msg":"Login failed","phone_number":"string","error":"login failed: missing destination name user_id in *user.LogInResponse"}
{"time":"2024-11-28T20:17:04.966690898+05:00","level":"INFO","msg":"AddUser called","email":"string@gmail.com"}
{"time":"2024-11-28T20:17:06.491728+05:00","level":"INFO","msg":"User created successfully","user_id":"ea1b7d8c-d5ca-4c0a-a2a0-5ca6208be5d4"}
{"time":"2024-11-28T20:18:13.367525267+05:00","level":"INFO","msg":"AddUser called","email":"string@gmail.com"}
{"time":"2024-11-28T20:18:14.879913242+05:00","level":"ERROR","msg":"Failed to create user","error":"failed to create user: pq: duplicate key value violates unique constraint \"users_email_key\""}
{"time":"2024-11-28T20:18:17.557418614+05:00","level":"INFO","msg":"LogIn called","phone_number":"string"}
{"time":"2024-11-28T20:18:17.557805197+05:00","level":"ERROR","msg":"Login failed","phone_number":"string","error":"login failed: missing destination name user_id in *user.LogInResponse"}
{"time":"2024-11-28T20:18:20.05374612+05:00","level":"INFO","msg":"LogIn called","phone_number":"string"}
{"time":"2024-11-28T20:18:20.054265839+05:00","level":"ERROR","msg":"Login failed","phone_number":"string","error":"login failed: missing destination name user_id in *user.LogInResponse"}
{"time":"2024-11-28T20:20:41.32059954+05:00","level":"INFO","msg":"LogIn called","phone_number":"string"}
{"time":"2024-11-28T20:20:41.320901483+05:00","level":"ERROR","msg":"Login failed","phone_number":"string","error":"login failed: pq: got 4 parameters but the statement requires 0"}
{"time":"2024-11-28T20:21:31.420982983+05:00","level":"INFO","msg":"LogIn called","phone_number":"string"}
{"time":"2024-11-28T20:21:31.422074555+05:00","level":"INFO","msg":"Login successful","user_id":"ea1b7d8c-d5ca-4c0a-a2a0-5ca6208be5d4"}
{"time":"2024-11-28T20:21:39.833613584+05:00","level":"INFO","msg":"GetUserList called","filters":{}}
{"time":"2024-11-28T20:21:39.834330558+05:00","level":"ERROR","msg":"Failed to retrieve user list","error":"failed to list users: missing destination name user_id in *[]*user.UserResponse"}
{"time":"2024-11-28T20:26:00.655664782+05:00","level":"INFO","msg":"GetUserList called","filters":{}}
{"time":"2024-11-28T20:26:00.656694514+05:00","level":"INFO","msg":"User list retrieved successfully","count":1}
{"time":"2024-11-28T20:26:38.52754253+05:00","level":"INFO","msg":"GetUser called","user_id":"ea1b7d8c-d5ca-4c0a-a2a0-5ca6208be5d4"}
{"time":"2024-11-28T20:26:38.528069883+05:00","level":"ERROR","msg":"Failed to retrieve user","user_id":"ea1b7d8c-d5ca-4c0a-a2a0-5ca6208be5d4","error":"failed to get user: missing destination name user_id in *user.UserResponse"}
{"time":"2024-11-28T20:27:45.247502744+05:00","level":"INFO","msg":"GetUser called","user_id":"ea1b7d8c-d5ca-4c0a-a2a0-5ca6208be5d4"}
{"time":"2024-11-28T20:27:45.248404885+05:00","level":"ERROR","msg":"Failed to retrieve user","user_id":"ea1b7d8c-d5ca-4c0a-a2a0-5ca6208be5d4","error":"failed to get user: missing destination name user_id in *user.UserResponse"}
{"time":"2024-11-28T20:29:03.164231701+05:00","level":"INFO","msg":"GetUser called","user_id":"ea1b7d8c-d5ca-4c0a-a2a0-5ca6208be5d4"}
{"time":"2024-11-28T20:29:03.165285664+05:00","level":"INFO","msg":"User retrieved successfully","user_id":"ea1b7d8c-d5ca-4c0a-a2a0-5ca6208be5d4"}
{"time":"2024-11-28T20:29:14.365400362+05:00","level":"INFO","msg":"UpdateUser called","user_id":"ea1b7d8c-d5ca-4c0a-a2a0-5ca6208be5d4"}
{"time":"2024-11-28T20:29:14.371454843+05:00","level":"INFO","msg":"User updated successfully","user_id":"ea1b7d8c-d5ca-4c0a-a2a0-5ca6208be5d4"}
{"time":"2024-11-28T20:29:23.409569908+05:00","level":"INFO","msg":"DeleteUser called","user_id":"ea1b7d8c-d5ca-4c0a-a2a0-5ca6208be5d4"}
{"time":"2024-11-28T20:29:23.41552729+05:00","level":"INFO","msg":"User deleted successfully","message":"Deleted 1 user(s)"}
{"time":"2024-12-23T22:07:04.911584179+05:00","level":"INFO","msg":"AddUser called","email":"string"}
{"time":"2024-12-23T22:07:09.097054563+05:00","level":"INFO","msg":"User created successfully","user_id":"0de29a55-4c1e-4142-8def-2c6c6565020b"}
{"time":"2024-12-23T22:07:16.266005206+05:00","level":"INFO","msg":"LogIn called","phone_number":"string"}
{"time":"2024-12-23T22:07:20.33326165+05:00","level":"INFO","msg":"Login successful","user_id":"0de29a55-4c1e-4142-8def-2c6c6565020b"}
{"time":"2024-12-23T22:12:09.736617037+05:00","level":"INFO","msg":"AddUser called","email":"string1"}
{"time":"2024-12-23T22:12:13.956909688+05:00","level":"INFO","msg":"User created successfully","user_id":"146a061b-7109-4475-9820-71cd25aaa1df"}
{"time":"2024-12-23T22:12:25.872665207+05:00","level":"INFO","msg":"LogIn called","phone_number":"string1"}
{"time":"2024-12-23T22:12:29.900989627+05:00","level":"INFO","msg":"Login successful","user_id":"146a061b-7109-4475-9820-71cd25aaa1df"}
{"time":"2024-12-23T22:12:51.267638535+05:00","level":"INFO","msg":"CreateCompany called","request":{"name":"string","website":"string","user_id":"146a061b-7109-4475-9820-71cd25aaa1df"}}
{"time":"2024-12-23T22:12:51.271285285+05:00","level":"INFO","msg":"CreateCompany finished"}
{"time":"2024-12-23T22:28:45.166204802+05:00","level":"INFO","msg":"LogIn called","phone_number":"string1"}
{"time":"2024-12-23T22:28:49.172743234+05:00","level":"INFO","msg":"Login successful","user_id":"146a061b-7109-4475-9820-71cd25aaa1df"}
{"time":"2024-12-23T22:29:05.197086685+05:00","level":"INFO","msg":"CreateCompany called","request":{"name":"string","website":"string","user_id":"146a061b-7109-4475-9820-71cd25aaa1df"}}
{"time":"2024-12-23T22:29:05.200611266+05:00","level":"INFO","msg":"CreateCompany finished"}
{"time":"2024-12-23T22:29:20.823991451+05:00","level":"INFO","msg":"ListCompanies called","pagination":{"limit":10}}
{"time":"2024-12-23T22:29:20.825755494+05:00","level":"INFO","msg":"ListCompanies finished"}
{"time":"2024-12-23T22:29:37.339380594+05:00","level":"INFO","msg":"GetCompany called","company_id":"fbd3bfaf-cf20-4efb-bb29-34c00dea9af2"}
{"time":"2024-12-23T22:29:37.340243551+05:00","level":"INFO","msg":"GetCompany finished"}
{"time":"2024-12-23T22:29:54.812872063+05:00","level":"INFO","msg":"UpdateCompany called","company_id":"fbd3bfaf-cf20-4efb-bb29-34c00dea9af2"}
{"time":"2024-12-23T22:29:54.817110002+05:00","level":"INFO","msg":"UpdateCompany finished"}
{"time":"2024-12-23T22:30:06.933025135+05:00","level":"INFO","msg":"ListCompanyUsers called","company_id":"fbd3bfaf-cf20-4efb-bb29-34c00dea9af2"}
{"time":"2024-12-23T22:30:06.934372536+05:00","level":"INFO","msg":"ListCompanyUsers finished"}
{"time":"2024-12-23T22:30:16.693679133+05:00","level":"INFO","msg":"CreateUserToCompany called","request":{"first_name":"string","last_name":"string","username":"string","email":"string","password":"string","phone_number":"string","company_id":"fbd3bfaf-cf20-4efb-bb29-34c00dea9af2","role":"user"}}
{"time":"2024-12-23T22:30:20.923977107+05:00","level":"ERROR","msg":"Error creating user to company","error":"pq: duplicate key value violates unique constraint \"users_email_key\""}
{"time":"2024-12-23T22:30:37.57036751+05:00","level":"INFO","msg":"CreateUserToCompany called","request":{"first_name":"string2","last_name":"string3","username":"string3","email":"string2","password":"string","phone_number":"string3","company_id":"fbd3bfaf-cf20-4efb-bb29-34c00dea9af2","role":"user"}}
{"time":"2024-12-23T22:30:41.899909704+05:00","level":"INFO","msg":"CreateUserToCompany finished"}
{"time":"2024-12-23T22:30:50.281556378+05:00","level":"INFO","msg":"ListCompanyUsers called","company_id":"fbd3bfaf-cf20-4efb-bb29-34c00dea9af2"}
{"time":"2024-12-23T22:30:50.282445744+05:00","level":"INFO","msg":"ListCompanyUsers finished"}
{"time":"2024-12-23T22:47:29.457830963+05:00","level":"INFO","msg":"GetUser called","user_id":"e5290a96-b6f0-4f25-9cfa-a9514eb2c8c0"}
{"time":"2024-12-23T22:47:29.458851945+05:00","level":"INFO","msg":"User retrieved successfully","user_id":"e5290a96-b6f0-4f25-9cfa-a9514eb2c8c0"}
{"time":"2024-12-23T22:47:46.53774822+05:00","level":"INFO","msg":"LogIn called","phone_number":"string3"}
{"time":"2024-12-23T22:47:50.362005678+05:00","level":"ERROR","msg":"Login failed","phone_number":"string3","error":null}
{"time":"2024-12-23T22:47:57.364424221+05:00","level":"INFO","msg":"LogIn called","phone_number":"string"}
{"time":"2024-12-23T22:48:01.404710355+05:00","level":"ERROR","msg":"Login failed","phone_number":"string","error":null}
{"time":"2024-12-23T22:48:05.480555951+05:00","level":"INFO","msg":"LogIn called","phone_number":"string2"}
{"time":"2024-12-23T22:48:05.481397651+05:00","level":"ERROR","msg":"Login failed","phone_number":"string2","error":"login failed: sql: no rows in result set"}
{"time":"2024-12-23T22:48:23.123483373+05:00","level":"INFO","msg":"LogIn called","phone_number":"string3"}
{"time":"2024-12-23T22:48:27.109359472+05:00","level":"INFO","msg":"Login successful","user_id":"e5290a96-b6f0-4f25-9cfa-a9514eb2c8c0"}
{"time":"2025-01-06T18:54:50.715027335+05:00","level":"INFO","msg":"CreateClient called","full_name":"kimdur"}
{"time":"2025-01-06T18:54:50.727359159+05:00","level":"INFO","msg":"Client created successfully","client_id":"ab195c5f-f6c0-4cde-8b7e-037583b91f15"}
{"time":"2025-01-06T18:57:04.00865472+05:00","level":"INFO","msg":"GetClientList called","filters":{"client_type":"client","company_id":"cdb8a9c6-00d2-444e-9ab5-e4cb66a8c6d4"}}
{"time":"2025-01-06T18:57:04.015275459+05:00","level":"INFO","msg":"Client list retrieved successfully","count":0}
{"time":"2025-01-06T18:57:56.078807526+05:00","level":"INFO","msg":"GetClientList called","filters":{"client_type":"street","company_id":"cdb8a9c6-00d2-444e-9ab5-e4cb66a8c6d4"}}
{"time":"2025-01-06T18:57:56.080685473+05:00","level":"INFO","msg":"Client list retrieved successfully","count":1}
{"time":"2025-01-06T18:58:06.185820389+05:00","level":"INFO","msg":"GetClientList called","filters":{"client_type":"client","company_id":"cdb8a9c6-00d2-444e-9ab5-e4cb66a8c6d4"}}
{"time":"2025-01-06T18:58:06.186775508+05:00","level":"INFO","msg":"Client list retrieved successfully","count":0}
{"time":"2025-01-11T14:11:19.846326201+05:00","level":"INFO","msg":"RegisterAdmin called","!BADKEY":"phone_number"}
{"time":"2025-01-11T14:11:24.063597008+05:00","level":"ERROR","msg":"Failed to register admin","error":"failed to add admin: pq: inconsistent types deduced for parameter $6"}
{"time":"2025-01-11T14:12:16.121742875+05:00","level":"INFO","msg":"RegisterAdmin called","!BADKEY":"phone_number"}
{"time":"2025-01-11T14:12:20.165125684+05:00","level":"ERROR","msg":"Failed to register admin","error":"failed to add admin: pq: insert or update on table \"users\" violates foreign key constraint \"users_company_id_fkey\""}
{"time":"2025-01-11T14:14:26.31143634+05:00","level":"INFO","msg":"RegisterAdmin called","!BADKEY":"phone_number"}
{"time":"2025-01-11T14:14:30.373368122+05:00","level":"ERROR","msg":"Failed to register admin","error":"failed to create user: pq: insert or update on table \"users\" violates foreign key constraint \"users_company_id_fkey\""}
{"time":"2025-01-11T14:17:58.457476682+05:00","level":"INFO","msg":"RegisterAdmin called","!BADKEY":"phone_number"}
{"time":"2025-01-11T14:18:02.800828795+05:00","level":"INFO","msg":"Admin registered successfully","message":"Admin added successfully"}
{"time":"2025-01-11T14:18:32.331000038+05:00","level":"INFO","msg":"LogIn called","phone_number":"admin"}
{"time":"2025-01-11T14:18:36.974341345+05:00","level":"ERROR","msg":"Login failed","phone_number":"admin","error":null}
{"time":"2025-01-11T14:20:19.36435947+05:00","level":"INFO","msg":"LogIn called","phone_number":"admin"}
{"time":"2025-01-11T14:20:23.949802497+05:00","level":"ERROR","msg":"Login failed","phone_number":"admin","error":null}
{"time":"2025-01-11T14:21:34.058015506+05:00","level":"INFO","msg":"RegisterAdmin called","!BADKEY":"phone_number"}
{"time":"2025-01-11T14:21:39.126212353+05:00","level":"ERROR","msg":"Failed to register admin","error":"failed to create user: pq: duplicate key value violates unique constraint \"users_email_key\""}
{"time":"2025-01-11T14:24:25.496623738+05:00","level":"INFO","msg":"RegisterAdmin called","!BADKEY":"phone_number"}
{"time":"2025-01-11T14:24:29.910239304+05:00","level":"INFO","msg":"Admin registered successfully","message":"Admin added successfully"}
{"time":"2025-01-11T14:24:38.467328784+05:00","level":"INFO","msg":"LogIn called","phone_number":"admin"}
{"time":"2025-01-11T14:24:43.222263958+05:00","level":"INFO","msg":"Login successful","user_id":"a0bf5093-fbae-439e-9a78-775ef06c0f5b"}
{"time":"2025-01-11T14:25:04.145656768+05:00","level":"INFO","msg":"CreateBranch called","request":{"name":"string","address":"string","phone_number":"string","company_id":"8de761a0-e6d9-44c6-8861-ebf9d1351515"}}
{"time":"2025-01-11T14:25:04.146652895+05:00","level":"ERROR","msg":"Error creating branch","error":"failed to create branch: pq: column \"phone_number\" of relation \"branches\" does not exist"}
{"time":"2025-01-11T14:25:50.684796808+05:00","level":"INFO","msg":"CreateBranch called","request":{"name":"string","address":"string","phone_number":"string","company_id":"8de761a0-e6d9-44c6-8861-ebf9d1351515"}}
{"time":"2025-01-11T14:25:50.685372624+05:00","level":"ERROR","msg":"Error creating branch","error":"failed to create branch: pq: column \"phone_number\" of relation \"branches\" does not exist"}
{"time":"2025-01-11T14:26:14.026732859+05:00","level":"INFO","msg":"CreateBranch called","request":{"name":"string","address":"string","phone_number":"string","company_id":"8de761a0-e6d9-44c6-8861-ebf9d1351515"}}
{"time":"2025-01-11T14:26:14.027889176+05:00","level":"ERROR","msg":"Error creating branch","error":"failed to create branch: pq: column \"phone_number\" does not exist"}
{"time":"2025-01-11T14:26:40.703536841+05:00","level":"INFO","msg":"CreateBranch called","request":{"name":"string","address":"string","phone_number":"string","company_id":"8de761a0-e6d9-44c6-8861-ebf9d1351515"}}
{"time":"2025-01-11T14:26:40.708334559+05:00","level":"INFO","msg":"CreateBranch finished"}
{"time":"2025-01-11T14:27:49.071779685+05:00","level":"INFO","msg":"ListBranches called","pagination":{"company_id":"8de761a0-e6d9-44c6-8861-ebf9d1351515","page":1}}
{"time":"2025-01-11T14:27:49.072566872+05:00","level":"ERROR","msg":"Error listing branches","error":"failed to list branches: pq: column \"phone_number\" does not exist"}
{"time":"2025-01-11T14:28:51.707952456+05:00","level":"INFO","msg":"ListBranches called","pagination":{"company_id":"8de761a0-e6d9-44c6-8861-ebf9d1351515","page":1}}
{"time":"2025-01-11T14:28:51.710774143+05:00","level":"ERROR","msg":"Error listing branches","error":"failed to list branches: missing destination name branch_id in *[]*company.BranchResponse"}
{"time":"2025-01-11T14:28:57.593710155+05:00","level":"INFO","msg":"ListBranches called","pagination":{"company_id":"8de761a0-e6d9-44c6-8861-ebf9d1351515","limit":10,"page":1}}
{"time":"2025-01-11T14:28:57.594805958+05:00","level":"ERROR","msg":"Error listing branches","error":"failed to list branches: missing destination name branch_id in *[]*company.BranchResponse"}
{"time":"2025-01-11T14:31:07.282132225+05:00","level":"INFO","msg":"ListBranches called","pagination":{"company_id":"8de761a0-e6d9-44c6-8861-ebf9d1351515","limit":10,"page":1}}
{"time":"2025-01-11T14:31:07.284845324+05:00","level":"ERROR","msg":"Error listing branches","error":"failed to execute query: pq: column \"phone_number\" does not exist"}
{"time":"2025-01-11T14:31:15.784697174+05:00","level":"INFO","msg":"ListBranches called","pagination":{"company_id":"8de761a0-e6d9-44c6-8861-ebf9d1351515","limit":10,"page":1}}
{"time":"2025-01-11T14:31:15.785463948+05:00","level":"ERROR","msg":"Error listing branches","error":"failed to execute query: pq: column \"phone_number\" does not exist"}
{"time":"2025-01-11T14:31:25.286447492+05:00","level":"INFO","msg":"ListBranches called","pagination":{"company_id":"8de761a0-e6d9-44c6-8861-ebf9d1351515","limit":10,"page":1}}
{"time":"2025-01-11T14:31:25.289163464+05:00","level":"INFO","msg":"ListBranches finished"}
{"time":"2025-01-11T14:31:33.206989832+05:00","level":"INFO","msg":"ListBranches called","pagination":{"company_id":"8de761a0-e6d9-44c6-8861-ebf9d1351515","limit":10}}
{"time":"2025-01-11T14:31:33.207882079+05:00","level":"ERROR","msg":"Error listing branches","error":"failed to execute query: pq: OFFSET must not be negative"}
{"time":"2025-01-11T14:31:45.666267333+05:00","level":"INFO","msg":"ListBranches called","pagination":{"company_id":"8de761a0-e6d9-44c6-8861-ebf9d1351515","limit":10,"page":1}}
{"time":"2025-01-11T14:31:45.666939645+05:00","level":"INFO","msg":"ListBranches finished"}
{"time":"2025-01-11T14:32:04.532674204+05:00","level":"INFO","msg":"GetBranch called","branch_id":"0de7c9b6-8b4b-4ab4-a05a-e9ca10a7c57d"}
{"time":"2025-01-11T14:32:04.533284186+05:00","level":"INFO","msg":"GetBranch finished"}
{"time":"2025-01-11T14:32:26.474583953+05:00","level":"INFO","msg":"UpdateBranch called","branch_id":"0de7c9b6-8b4b-4ab4-a05a-e9ca10a7c57d"}
{"time":"2025-01-11T14:32:26.478727757+05:00","level":"INFO","msg":"UpdateBranch finished"}
{"time":"2025-01-11T14:32:33.008212817+05:00","level":"INFO","msg":"GetBranch called","branch_id":"0de7c9b6-8b4b-4ab4-a05a-e9ca10a7c57d"}
{"time":"2025-01-11T14:32:33.008992463+05:00","level":"INFO","msg":"GetBranch finished"}
{"time":"2025-01-11T14:32:41.411330718+05:00","level":"INFO","msg":"DeleteBranch called","branch_id":"0de7c9b6-8b4b-4ab4-a05a-e9ca10a7c57d"}
{"time":"2025-01-11T14:32:41.411773934+05:00","level":"ERROR","msg":"Error deleting branch","error":"failed to delete branch: pq: column \"deleted_at\" is of type bigint but expression is of type timestamp with time zone"}
{"time":"2025-01-11T14:35:14.940762157+05:00","level":"INFO","msg":"DeleteBranch called","branch_id":"0de7c9b6-8b4b-4ab4-a05a-e9ca10a7c57d"}
{"time":"2025-01-11T14:35:14.941440748+05:00","level":"ERROR","msg":"Error deleting branch","error":"failed to delete branch: pq: column \"deleted_at\" is of type bigint but expression is of type timestamp with time zone"}
{"time":"2025-01-11T14:35:47.411466475+05:00","level":"INFO","msg":"DeleteBranch called","branch_id":"0de7c9b6-8b4b-4ab4-a05a-e9ca10a7c57d"}
{"time":"2025-01-11T14:35:47.420247115+05:00","level":"INFO","msg":"DeleteBranch finished"}
{"time":"2025-01-11T14:38:22.4016085+05:00","level":"INFO","msg":"ListBranches called","pagination":{"company_id":"8de761a0-e6d9-44c6-8861-ebf9d1351515","limit":10,"page":1}}
{"time":"2025-01-11T14:38:22.40287449+05:00","level":"INFO","msg":"ListBranches finished"}
{"time":"2025-01-11T14:40:05.981354543+05:00","level":"INFO","msg":"ListBranches called","pagination":{"company_id":"8de761a0-e6d9-44c6-8861-ebf9d1351515","limit":10,"page":1}}
{"time":"2025-01-11T14:40:05.983970621+05:00","level":"INFO","msg":"ListBranches finished"}
{"time":"2025-01-11T22:35:14.844876216+05:00","level":"INFO","msg":"LogIn called","phone_number":"admin"}
{"time":"2025-01-11T22:35:19.61611656+05:00","level":"INFO","msg":"Login successful","user_id":"a0bf5093-fbae-439e-9a78-775ef06c0f5b"}
{"time":"2025-01-11T22:36:07.533338615+05:00","level":"INFO","msg":"ListBranches called","pagination":{"company_id":"8de761a0-e6d9-44c6-8861-ebf9d1351515","limit":10,"page":1}}
{"time":"2025-01-11T22:36:07.542971784+05:00","level":"INFO","msg":"ListBranches finished"}
{"time":"2025-01-11T22:36:15.954154222+05:00","level":"INFO","msg":"ListBranches called","pagination":{"company_id":"8de761a0-e6d9-44c6-8861-ebf9d1351515","limit":10,"page":1}}
{"time":"2025-01-11T22:36:15.955068717+05:00","level":"INFO","msg":"ListBranches finished"}
{"time":"2025-01-11T22:36:25.623492309+05:00","level":"INFO","msg":"CreateBranch called","request":{"name":"string","address":"string","phone_number":"string","company_id":"8de761a0-e6d9-44c6-8861-ebf9d1351515"}}
{"time":"2025-01-11T22:36:25.629815047+05:00","level":"INFO","msg":"CreateBranch finished"}
{"time":"2025-01-11T22:36:30.507511933+05:00","level":"INFO","msg":"ListBranches called","pagination":{"company_id":"8de761a0-e6d9-44c6-8861-ebf9d1351515","limit":10,"page":1}}
{"time":"2025-01-11T22:36:30.508537304+05:00","level":"INFO","msg":"ListBranches finished"}
